Arguments: 
  /Users/billgo/.volta/tools/image/node/16.15.0/bin/node /Users/billgo/.yarn/releases/yarn-1.22.19.cjs install

PATH: 
  /Users/billgo/.volta/tools/image/yarn/1.22.19/bin:/Users/billgo/.volta/tools/image/node/16.15.0/bin:/Users/billgo/.volta/bin:/usr/local/sbin:/Users/billgo/.pyenv/shims:/usr/local/opt/python@3.8/bin:/Users/billgo/.avn/bin:/usr/local/opt/protobuf@2.6/bin:/usr/local/opt/libxml2/bin:/usr/local/opt/mysql@5.7/bin:/usr/local/opt/openssl/bin:/usr/local/opt/icu4c/sbin:/usr/local/opt/icu4c/bin:/Users/billgo/.nvm/versions/node/v16.15.1/bin:/Users/billgo/bin:/opt/local/bin:/usr/local/bin:/usr/local/opt/go/libexec/bin:/Users/billgo/.cargo/bin:/Users/billgo/Gowork/bin:/Library/Frameworks/Python.framework/Versions/3.10/bin:/Applications/Julia-1.1.app/Contents/Resources/julia/bin/julia:/usr/local/Cellar/mongodb-community@4.2/4.2.9/bin:/usr/local/bin:/usr/bin:/bin:/usr/sbin:/sbin:/Applications/VMware Fusion.app/Contents/Public:/usr/local/share/dotnet:/opt/X11/bin:~/.dotnet/tools:/Library/Apple/usr/bin:/Users/billgo/.cargo/bin

Yarn version: 
  1.22.19

Node version: 
  16.15.0

Platform: 
  darwin x64

Trace: 
  Error: https://registry.yarnpkg.com/glob: ETIMEDOUT
      at Timeout._onTimeout (/Users/billgo/.yarn/releases/yarn-1.22.19.cjs:135957:19)
      at listOnTimeout (node:internal/timers:559:17)
      at processTimers (node:internal/timers:502:7)

npm manifest: 
  {
    "name": "@whatskit/rimraf",
    "version": "0.1.0",
    "description": "A deep deletion module for node (like `rm -rf`)",
    "author": "Billgo <hi@billgo.me>",
    "license": "ISC",
    "repository": "git://github.com/whatskit/rimraf.git",
    "main": "index.js",
    "bin": "./bin.js",
    "scripts": {
      "preversion": "npm test",
      "postversion": "npm publish",
      "postpublish": "git push origin --follow-tags",
      "test": "tap test/*.js"
    },
    "files": [
      "LICENSE",
      "README.md",
      "bin.js",
      "rimraf.js"
    ],
    "dependencies": {
      "glob": "^7.1.3"
    },
    "devDependencies": {
      "mkdirp": "^0.5.1",
      "tap": "^15.1.6"
    }
  }

yarn manifest: 
  No manifest

Lockfile: 
  No lockfile
